<?xml version="1.0" encoding="UTF-8"?>
<testng-results skipped="0" failed="0" total="1" passed="1">
  <reporter-output>
  </reporter-output>
  <suite name="Suite" duration-ms="10256" started-at="2018-03-03T11:21:28Z" finished-at="2018-03-03T11:21:38Z">
    <groups>
    </groups>
    <test name="Test" duration-ms="10256" started-at="2018-03-03T11:21:28Z" finished-at="2018-03-03T11:21:38Z">
      <class name="FirstTestClass">
        <test-method status="PASS" signature="installDriver()[pri:0, instance:FirstTestClass@39aeed2f]" name="installDriver" is-config="true" duration-ms="3300" started-at="2018-03-03T16:51:28Z" finished-at="2018-03-03T16:51:32Z">
          <reporter-output>
          </reporter-output>
        </test-method> <!-- installDriver -->
        <test-method status="PASS" signature="launchBrowser()[pri:0, instance:FirstTestClass@39aeed2f]" name="launchBrowser" duration-ms="5712" started-at="2018-03-03T16:51:32Z" finished-at="2018-03-03T16:51:37Z">
          <reporter-output>
          </reporter-output>
        </test-method> <!-- launchBrowser -->
        <test-method status="PASS" signature="quiteDriver()[pri:0, instance:FirstTestClass@39aeed2f]" name="quiteDriver" is-config="true" duration-ms="1221" started-at="2018-03-03T16:51:37Z" finished-at="2018-03-03T16:51:38Z">
          <reporter-output>
          </reporter-output>
        </test-method> <!-- quiteDriver -->
      </class> <!-- FirstTestClass -->
    </test> <!-- Test -->
  </suite> <!-- Suite -->
</testng-results>
